<?xml version="1.0" encoding="UTF-8"?>
<testsuite name="com.example.parcial.ParcialApplicationTests" tests="1" skipped="0" failures="0" errors="0" timestamp="2024-11-02T22:43:49" hostname="FELIBOOK3" time="1.227">
  <properties/>
  <testcase name="contextLoads()" classname="com.example.parcial.ParcialApplicationTests" time="1.227"/>
  <system-out><![CDATA[19:43:40.397 [Test worker] INFO org.springframework.test.context.support.AnnotationConfigContextLoaderUtils -- Could not detect default configuration classes for test class [com.example.parcial.ParcialApplicationTests]: ParcialApplicationTests does not declare any static, non-private, non-final, nested classes annotated with @Configuration.
19:43:40.655 [Test worker] INFO org.springframework.boot.test.context.SpringBootTestContextBootstrapper -- Found @SpringBootConfiguration com.example.parcial.ParcialApplication for test class com.example.parcial.ParcialApplicationTests

  .   ____          _            __ _ _
 /\\ / ___'_ __ _ _(_)_ __  __ _ \ \ \ \
( ( )\___ | '_ | '_| | '_ \/ _` | \ \ \ \
 \\/  ___)| |_)| | | | | || (_| |  ) ) ) )
  '  |____| .__|_| |_|_| |_\__, | / / / /
 =========|_|==============|___/=/_/_/_/
 :: Spring Boot ::               (v3.2.10)

2024-11-02T19:43:41.469-03:00  INFO 17800 --- [parcial] [    Test worker] c.e.parcial.ParcialApplicationTests      : Starting ParcialApplicationTests using Java 17.0.12 with PID 17800 (started by felip in C:\Users\felip\OneDrive\Escritorio\ING. CACERES\UTN 2024\Desarrollo Software\parcial)
2024-11-02T19:43:41.472-03:00  INFO 17800 --- [parcial] [    Test worker] c.e.parcial.ParcialApplicationTests      : No active profile set, falling back to 1 default profile: "default"
2024-11-02T19:43:42.969-03:00  INFO 17800 --- [parcial] [    Test worker] .s.d.r.c.RepositoryConfigurationDelegate : Bootstrapping Spring Data JPA repositories in DEFAULT mode.
2024-11-02T19:43:43.102-03:00  INFO 17800 --- [parcial] [    Test worker] .s.d.r.c.RepositoryConfigurationDelegate : Finished Spring Data repository scanning in 118 ms. Found 1 JPA repository interface.
2024-11-02T19:43:44.244-03:00  INFO 17800 --- [parcial] [    Test worker] o.hibernate.jpa.internal.util.LogHelper  : HHH000204: Processing PersistenceUnitInfo [name: default]
2024-11-02T19:43:44.382-03:00  INFO 17800 --- [parcial] [    Test worker] org.hibernate.Version                    : HHH000412: Hibernate ORM core version 6.4.10.Final
2024-11-02T19:43:44.497-03:00  INFO 17800 --- [parcial] [    Test worker] o.h.c.internal.RegionFactoryInitiator    : HHH000026: Second-level cache disabled
2024-11-02T19:43:45.059-03:00  INFO 17800 --- [parcial] [    Test worker] o.s.o.j.p.SpringPersistenceUnitInfo      : No LoadTimeWeaver setup: ignoring JPA class transformer
2024-11-02T19:43:45.124-03:00  INFO 17800 --- [parcial] [    Test worker] com.zaxxer.hikari.HikariDataSource       : HikariPool-1 - Starting...
2024-11-02T19:43:45.288-03:00  INFO 17800 --- [parcial] [    Test worker] com.zaxxer.hikari.pool.HikariPool        : HikariPool-1 - Added connection conn0: url=jdbc:h2:tcp://localhost/~/test user=SA
2024-11-02T19:43:45.293-03:00  INFO 17800 --- [parcial] [    Test worker] com.zaxxer.hikari.HikariDataSource       : HikariPool-1 - Start completed.
2024-11-02T19:43:45.369-03:00  WARN 17800 --- [parcial] [    Test worker] org.hibernate.orm.deprecation            : HHH90000025: H2Dialect does not need to be specified explicitly using 'hibernate.dialect' (remove the property setting and it will be selected by default)
2024-11-02T19:43:46.981-03:00  INFO 17800 --- [parcial] [    Test worker] o.h.e.t.j.p.i.JtaPlatformInitiator       : HHH000489: No JTA platform available (set 'hibernate.transaction.jta.platform' to enable JTA platform integration)
Hibernate: drop table if exists dna cascade 
Hibernate: create table dna (is_mutant boolean, id bigint generated by default as identity, dna varchar(255), primary key (id))
2024-11-02T19:43:47.052-03:00  INFO 17800 --- [parcial] [    Test worker] j.LocalContainerEntityManagerFactoryBean : Initialized JPA EntityManagerFactory for persistence unit 'default'
2024-11-02T19:43:47.961-03:00  WARN 17800 --- [parcial] [    Test worker] JpaBaseConfiguration$JpaWebConfiguration : spring.jpa.open-in-view is enabled by default. Therefore, database queries may be performed during view rendering. Explicitly configure spring.jpa.open-in-view to disable this warning
2024-11-02T19:43:49.294-03:00  INFO 17800 --- [parcial] [    Test worker] o.s.b.a.h2.H2ConsoleAutoConfiguration    : H2 console available at '/h2-console'. Database available at 'jdbc:h2:tcp://localhost/~/test'
2024-11-02T19:43:49.445-03:00  INFO 17800 --- [parcial] [    Test worker] c.e.parcial.ParcialApplicationTests      : Started ParcialApplicationTests in 8.409 seconds (process running for 10.646)
]]></system-out>
  <system-err><![CDATA[]]></system-err>
</testsuite>
